[00:05:28] [Server thread/INFO]: elyxdev lost connection: Disconnected
[00:05:28] [Server thread/INFO]: elyxdev left the game
[00:10:18] [Server thread/INFO]: elyxdev[/100.113.222.78:52488] logged in with entity id 61471 at (-561.1385593232268, 62.0, -481.8747258888807)
[00:10:18] [Server thread/INFO]: Syncing config to elyxdev (cabd2470-5f39-3704-b0d2-16f4468f9346)
[00:10:18] [Server thread/INFO]: Loading config from file...
[00:10:18] [Server thread/INFO]: elyxdev joined the game
[00:10:33] [Server thread/INFO]: Syncmatica client joining with local version 0.3.11 and client version 0.3.11
[00:29:45] [Server thread/INFO]: elyxdev is incapacitated!
[00:29:48] [Server thread/INFO]: elyxdev hit the ground too hard and bled out
[00:42:03] [Server thread/INFO]: elyxdev is incapacitated!
[00:42:06] [Server thread/INFO]: elyxdev hit the ground too hard and bled out
[01:24:26] [Server thread/INFO]: elyxdev is incapacitated!
[01:24:29] [Server thread/INFO]: elyxdev hit the ground too hard and bled out
[01:24:29] [Server thread/INFO]: Created new backpack backup file for elyxdev with unique ID travelersbackpack.iron_13.03.2025-01.24.29.dat
[01:25:18] [Server thread/INFO]: Unknown or incomplete command, see below for error
[01:25:18] [Server thread/INFO]: <--[HERE]
[01:25:24] [Server thread/INFO]: elyxdev lost connection: Timed out
[01:25:24] [Server thread/INFO]: elyxdev left the game
[01:25:28] [Server thread/INFO]: Unknown or incomplete command, see below for error
[01:25:28] [Server thread/INFO]: <--[HERE]
[01:25:31] [Server thread/INFO]: elyxdev[/100.113.222.78:53299] logged in with entity id 77866 at (-575.1388036876876, 64.0, -494.76249998807907)
[01:25:31] [Server thread/INFO]: Syncing config to elyxdev (cabd2470-5f39-3704-b0d2-16f4468f9346)
[01:25:31] [Server thread/INFO]: Loading config from file...
[01:25:31] [Server thread/INFO]: elyxdev joined the game
[01:25:50] [Server thread/INFO]: Syncmatica client joining with local version 0.3.11 and client version 0.3.11
[01:26:25] [Server thread/INFO]: Unknown or incomplete command, see below for error
[01:26:25] [Server thread/INFO]: <--[HERE]
[01:26:26] [Server thread/INFO]: [Not Secure] [Server] xd
[01:26:59] [Server thread/INFO]: Unknown or incomplete command, see below for error
[01:26:59] [Server thread/INFO]: <--[HERE]
[01:27:59] [Server thread/INFO]: Unknown or incomplete command, see below for error
[01:27:59] [Server thread/INFO]: <--[HERE]
